[33mWARNING[0m:  [18-10-2024 19:07:34] chroma_server_nofile is not supported on Windows. chroma_server_nofile will not be set.
[32mINFO[0m:     [18-10-2024 19:07:34] Anonymized telemetry enabled. See                     https://docs.trychroma.com/telemetry for more information.
[36mDEBUG[0m:    [18-10-2024 19:07:34] Starting component System
[36mDEBUG[0m:    [18-10-2024 19:07:34] Starting component OpenTelemetryClient
[36mDEBUG[0m:    [18-10-2024 19:07:34] Starting component SqliteDB
[36mDEBUG[0m:    [18-10-2024 19:07:35] Starting component QuotaEnforcer
[36mDEBUG[0m:    [18-10-2024 19:07:35] Starting component Posthog
[36mDEBUG[0m:    [18-10-2024 19:07:35] Starting component SimpleRateLimitEnforcer
[36mDEBUG[0m:    [18-10-2024 19:07:35] Starting component LocalSegmentManager
[36mDEBUG[0m:    [18-10-2024 19:07:35] Starting component LocalExecutor
[36mDEBUG[0m:    [18-10-2024 19:07:35] Starting component SegmentAPI
[32mINFO[0m:     [18-10-2024 19:07:35] Started server process [[36m27536[0m]
[32mINFO[0m:     [18-10-2024 19:07:35] Waiting for application startup.
[32mINFO[0m:     [18-10-2024 19:07:35] Application startup complete.
[32mINFO[0m:     [18-10-2024 19:07:35] Uvicorn running on [1mhttp://localhost:8000[0m (Press CTRL+C to quit)
[32mINFO[0m:     [18-10-2024 19:07:58] Shutting down
[32mINFO[0m:     [18-10-2024 19:07:58] Waiting for application shutdown.
[36mDEBUG[0m:    [18-10-2024 19:07:58] Stopping component System
[36mDEBUG[0m:    [18-10-2024 19:07:58] Stopping component SegmentAPI
[36mDEBUG[0m:    [18-10-2024 19:07:58] Stopping component LocalExecutor
[36mDEBUG[0m:    [18-10-2024 19:07:58] Stopping component LocalSegmentManager
[36mDEBUG[0m:    [18-10-2024 19:07:58] Stopping component SimpleRateLimitEnforcer
[36mDEBUG[0m:    [18-10-2024 19:07:58] Stopping component Posthog
[36mDEBUG[0m:    [18-10-2024 19:07:58] Stopping component QuotaEnforcer
[36mDEBUG[0m:    [18-10-2024 19:07:58] Stopping component SqliteDB
[36mDEBUG[0m:    [18-10-2024 19:07:58] Stopping component OpenTelemetryClient
[32mINFO[0m:     [18-10-2024 19:07:58] Application shutdown complete.
[32mINFO[0m:     [18-10-2024 19:07:58] Finished server process [[36m27536[0m]
[33mWARNING[0m:  [18-10-2024 19:09:50] chroma_server_nofile is not supported on Windows. chroma_server_nofile will not be set.
[32mINFO[0m:     [18-10-2024 19:09:50] Anonymized telemetry enabled. See                     https://docs.trychroma.com/telemetry for more information.
[36mDEBUG[0m:    [18-10-2024 19:09:50] Starting component System
[36mDEBUG[0m:    [18-10-2024 19:09:50] Starting component OpenTelemetryClient
[36mDEBUG[0m:    [18-10-2024 19:09:50] Starting component SqliteDB
[36mDEBUG[0m:    [18-10-2024 19:09:50] Starting component QuotaEnforcer
[36mDEBUG[0m:    [18-10-2024 19:09:50] Starting component Posthog
[36mDEBUG[0m:    [18-10-2024 19:09:50] Starting component SimpleRateLimitEnforcer
[36mDEBUG[0m:    [18-10-2024 19:09:50] Starting component LocalSegmentManager
[36mDEBUG[0m:    [18-10-2024 19:09:50] Starting component LocalExecutor
[36mDEBUG[0m:    [18-10-2024 19:09:50] Starting component SegmentAPI
[32mINFO[0m:     [18-10-2024 19:09:50] Started server process [[36m29324[0m]
[32mINFO[0m:     [18-10-2024 19:09:50] Waiting for application startup.
[32mINFO[0m:     [18-10-2024 19:09:50] Application startup complete.
[32mINFO[0m:     [18-10-2024 19:09:50] Uvicorn running on [1mhttp://localhost:8000[0m (Press CTRL+C to quit)
[32mINFO[0m:     [18-10-2024 19:10:06] Shutting down
[32mINFO[0m:     [18-10-2024 19:10:06] Waiting for application shutdown.
[36mDEBUG[0m:    [18-10-2024 19:10:06] Stopping component System
[36mDEBUG[0m:    [18-10-2024 19:10:06] Stopping component SegmentAPI
[36mDEBUG[0m:    [18-10-2024 19:10:06] Stopping component LocalExecutor
[36mDEBUG[0m:    [18-10-2024 19:10:06] Stopping component LocalSegmentManager
[36mDEBUG[0m:    [18-10-2024 19:10:06] Stopping component SimpleRateLimitEnforcer
[36mDEBUG[0m:    [18-10-2024 19:10:06] Stopping component Posthog
[36mDEBUG[0m:    [18-10-2024 19:10:06] Stopping component QuotaEnforcer
[36mDEBUG[0m:    [18-10-2024 19:10:06] Stopping component SqliteDB
[36mDEBUG[0m:    [18-10-2024 19:10:06] Stopping component OpenTelemetryClient
[32mINFO[0m:     [18-10-2024 19:10:06] Application shutdown complete.
[32mINFO[0m:     [18-10-2024 19:10:06] Finished server process [[36m29324[0m]
[33mWARNING[0m:  [18-10-2024 19:10:47] chroma_server_nofile is not supported on Windows. chroma_server_nofile will not be set.
[32mINFO[0m:     [18-10-2024 19:10:47] Anonymized telemetry enabled. See                     https://docs.trychroma.com/telemetry for more information.
[36mDEBUG[0m:    [18-10-2024 19:10:47] Starting component System
[36mDEBUG[0m:    [18-10-2024 19:10:47] Starting component OpenTelemetryClient
[36mDEBUG[0m:    [18-10-2024 19:10:47] Starting component SqliteDB
[36mDEBUG[0m:    [18-10-2024 19:10:47] Starting component QuotaEnforcer
[36mDEBUG[0m:    [18-10-2024 19:10:47] Starting component Posthog
[36mDEBUG[0m:    [18-10-2024 19:10:47] Starting component SimpleRateLimitEnforcer
[36mDEBUG[0m:    [18-10-2024 19:10:47] Starting component LocalSegmentManager
[36mDEBUG[0m:    [18-10-2024 19:10:47] Starting component LocalExecutor
[36mDEBUG[0m:    [18-10-2024 19:10:47] Starting component SegmentAPI
[32mINFO[0m:     [18-10-2024 19:10:47] Started server process [[36m8092[0m]
[32mINFO[0m:     [18-10-2024 19:10:47] Waiting for application startup.
[32mINFO[0m:     [18-10-2024 19:10:47] Application startup complete.
[32mINFO[0m:     [18-10-2024 19:10:47] Uvicorn running on [1mhttp://localhost:8000[0m (Press CTRL+C to quit)
[32mINFO[0m:     [18-10-2024 19:10:55] Shutting down
[32mINFO[0m:     [18-10-2024 19:10:55] Waiting for application shutdown.
[36mDEBUG[0m:    [18-10-2024 19:10:55] Stopping component System
[36mDEBUG[0m:    [18-10-2024 19:10:55] Stopping component SegmentAPI
[36mDEBUG[0m:    [18-10-2024 19:10:55] Stopping component LocalExecutor
[36mDEBUG[0m:    [18-10-2024 19:10:55] Stopping component LocalSegmentManager
[36mDEBUG[0m:    [18-10-2024 19:10:55] Stopping component SimpleRateLimitEnforcer
[36mDEBUG[0m:    [18-10-2024 19:10:55] Stopping component Posthog
[36mDEBUG[0m:    [18-10-2024 19:10:55] Stopping component QuotaEnforcer
[36mDEBUG[0m:    [18-10-2024 19:10:55] Stopping component SqliteDB
[36mDEBUG[0m:    [18-10-2024 19:10:55] Stopping component OpenTelemetryClient
[32mINFO[0m:     [18-10-2024 19:10:55] Application shutdown complete.
[32mINFO[0m:     [18-10-2024 19:10:55] Finished server process [[36m8092[0m]
[33mWARNING[0m:  [18-10-2024 19:11:09] chroma_server_nofile is not supported on Windows. chroma_server_nofile will not be set.
[32mINFO[0m:     [18-10-2024 19:11:09] Anonymized telemetry enabled. See                     https://docs.trychroma.com/telemetry for more information.
[36mDEBUG[0m:    [18-10-2024 19:11:09] Starting component System
[36mDEBUG[0m:    [18-10-2024 19:11:09] Starting component OpenTelemetryClient
[36mDEBUG[0m:    [18-10-2024 19:11:09] Starting component SqliteDB
[36mDEBUG[0m:    [18-10-2024 19:11:09] Starting component QuotaEnforcer
[36mDEBUG[0m:    [18-10-2024 19:11:09] Starting component Posthog
[36mDEBUG[0m:    [18-10-2024 19:11:09] Starting component SimpleRateLimitEnforcer
[36mDEBUG[0m:    [18-10-2024 19:11:09] Starting component LocalSegmentManager
[36mDEBUG[0m:    [18-10-2024 19:11:09] Starting component LocalExecutor
[36mDEBUG[0m:    [18-10-2024 19:11:09] Starting component SegmentAPI
[32mINFO[0m:     [18-10-2024 19:11:09] Started server process [[36m29600[0m]
[32mINFO[0m:     [18-10-2024 19:11:09] Waiting for application startup.
[32mINFO[0m:     [18-10-2024 19:11:09] Application startup complete.
[32mINFO[0m:     [18-10-2024 19:11:09] Uvicorn running on [1mhttp://localhost:8000[0m (Press CTRL+C to quit)
[32mINFO[0m:     [18-10-2024 19:13:16] Shutting down
[32mINFO[0m:     [18-10-2024 19:13:16] Waiting for application shutdown.
[36mDEBUG[0m:    [18-10-2024 19:13:16] Stopping component System
[36mDEBUG[0m:    [18-10-2024 19:13:16] Stopping component SegmentAPI
[36mDEBUG[0m:    [18-10-2024 19:13:16] Stopping component LocalExecutor
[36mDEBUG[0m:    [18-10-2024 19:13:16] Stopping component LocalSegmentManager
[36mDEBUG[0m:    [18-10-2024 19:13:16] Stopping component SimpleRateLimitEnforcer
[36mDEBUG[0m:    [18-10-2024 19:13:16] Stopping component Posthog
[36mDEBUG[0m:    [18-10-2024 19:13:16] Stopping component QuotaEnforcer
[36mDEBUG[0m:    [18-10-2024 19:13:16] Stopping component SqliteDB
[36mDEBUG[0m:    [18-10-2024 19:13:16] Stopping component OpenTelemetryClient
[32mINFO[0m:     [18-10-2024 19:13:16] Application shutdown complete.
[32mINFO[0m:     [18-10-2024 19:13:16] Finished server process [[36m29600[0m]
[33mWARNING[0m:  [18-10-2024 19:13:36] chroma_server_nofile is not supported on Windows. chroma_server_nofile will not be set.
[32mINFO[0m:     [18-10-2024 19:13:36] Anonymized telemetry enabled. See                     https://docs.trychroma.com/telemetry for more information.
[36mDEBUG[0m:    [18-10-2024 19:13:36] Starting component System
[36mDEBUG[0m:    [18-10-2024 19:13:36] Starting component OpenTelemetryClient
[36mDEBUG[0m:    [18-10-2024 19:13:36] Starting component SqliteDB
[36mDEBUG[0m:    [18-10-2024 19:13:36] Starting component QuotaEnforcer
[36mDEBUG[0m:    [18-10-2024 19:13:36] Starting component Posthog
[36mDEBUG[0m:    [18-10-2024 19:13:36] Starting component SimpleRateLimitEnforcer
[36mDEBUG[0m:    [18-10-2024 19:13:36] Starting component LocalSegmentManager
[36mDEBUG[0m:    [18-10-2024 19:13:36] Starting component LocalExecutor
[36mDEBUG[0m:    [18-10-2024 19:13:36] Starting component SegmentAPI
[32mINFO[0m:     [18-10-2024 19:13:36] Started server process [[36m29876[0m]
[32mINFO[0m:     [18-10-2024 19:13:36] Waiting for application startup.
[32mINFO[0m:     [18-10-2024 19:13:36] Application startup complete.
[32mINFO[0m:     [18-10-2024 19:13:36] Uvicorn running on [1mhttp://localhost:8000[0m (Press CTRL+C to quit)
[32mINFO[0m:     [18-10-2024 19:13:43] Shutting down
[32mINFO[0m:     [18-10-2024 19:13:43] Waiting for application shutdown.
[36mDEBUG[0m:    [18-10-2024 19:13:43] Stopping component System
[36mDEBUG[0m:    [18-10-2024 19:13:43] Stopping component SegmentAPI
[36mDEBUG[0m:    [18-10-2024 19:13:43] Stopping component LocalExecutor
[36mDEBUG[0m:    [18-10-2024 19:13:43] Stopping component LocalSegmentManager
[36mDEBUG[0m:    [18-10-2024 19:13:43] Stopping component SimpleRateLimitEnforcer
[36mDEBUG[0m:    [18-10-2024 19:13:43] Stopping component Posthog
[36mDEBUG[0m:    [18-10-2024 19:13:43] Stopping component QuotaEnforcer
[36mDEBUG[0m:    [18-10-2024 19:13:43] Stopping component SqliteDB
[36mDEBUG[0m:    [18-10-2024 19:13:43] Stopping component OpenTelemetryClient
[32mINFO[0m:     [18-10-2024 19:13:43] Application shutdown complete.
[32mINFO[0m:     [18-10-2024 19:13:43] Finished server process [[36m29876[0m]
[33mWARNING[0m:  [18-10-2024 19:15:37] chroma_server_nofile is not supported on Windows. chroma_server_nofile will not be set.
[32mINFO[0m:     [18-10-2024 19:15:38] Anonymized telemetry enabled. See                     https://docs.trychroma.com/telemetry for more information.
[36mDEBUG[0m:    [18-10-2024 19:15:38] Starting component System
[36mDEBUG[0m:    [18-10-2024 19:15:38] Starting component OpenTelemetryClient
[36mDEBUG[0m:    [18-10-2024 19:15:38] Starting component SqliteDB
[36mDEBUG[0m:    [18-10-2024 19:15:38] Starting component QuotaEnforcer
[36mDEBUG[0m:    [18-10-2024 19:15:38] Starting component Posthog
[36mDEBUG[0m:    [18-10-2024 19:15:38] Starting component SimpleRateLimitEnforcer
[36mDEBUG[0m:    [18-10-2024 19:15:38] Starting component LocalSegmentManager
[36mDEBUG[0m:    [18-10-2024 19:15:38] Starting component LocalExecutor
[36mDEBUG[0m:    [18-10-2024 19:15:38] Starting component SegmentAPI
[32mINFO[0m:     [18-10-2024 19:15:38] Started server process [[36m14092[0m]
[32mINFO[0m:     [18-10-2024 19:15:38] Waiting for application startup.
[32mINFO[0m:     [18-10-2024 19:15:38] Application startup complete.
[32mINFO[0m:     [18-10-2024 19:15:38] Uvicorn running on [1mhttp://localhost:8000[0m (Press CTRL+C to quit)
[32mINFO[0m:     [18-10-2024 19:16:16] ::1:7146 - "GET /api/v1/tenants/default_tenant HTTP/1.1" 200
[32mINFO[0m:     [18-10-2024 19:16:16] ::1:7146 - "GET /api/v1/databases/default_database?tenant=default_tenant HTTP/1.1" 200
[32mINFO[0m:     [18-10-2024 19:16:16] ::1:7147 - "POST /api/v1/collections?tenant=default_tenant&database=default_database HTTP/1.1" 200
[32mINFO[0m:     [18-10-2024 19:16:17] ::1:7150 - "GET /api/v1/tenants/default_tenant HTTP/1.1" 200
[32mINFO[0m:     [18-10-2024 19:16:17] ::1:7150 - "GET /api/v1/databases/default_database?tenant=default_tenant HTTP/1.1" 200
[32mINFO[0m:     [18-10-2024 19:16:17] ::1:7151 - "POST /api/v1/collections?tenant=default_tenant&database=default_database HTTP/1.1" 409
[32mINFO[0m:     [18-10-2024 19:17:35] Shutting down
[32mINFO[0m:     [18-10-2024 19:17:35] Waiting for application shutdown.
[36mDEBUG[0m:    [18-10-2024 19:17:35] Stopping component System
[36mDEBUG[0m:    [18-10-2024 19:17:35] Stopping component SegmentAPI
[36mDEBUG[0m:    [18-10-2024 19:17:35] Stopping component LocalExecutor
[36mDEBUG[0m:    [18-10-2024 19:17:35] Stopping component LocalSegmentManager
[36mDEBUG[0m:    [18-10-2024 19:17:35] Stopping component SimpleRateLimitEnforcer
[36mDEBUG[0m:    [18-10-2024 19:17:35] Stopping component Posthog
[36mDEBUG[0m:    [18-10-2024 19:17:35] Stopping component QuotaEnforcer
[36mDEBUG[0m:    [18-10-2024 19:17:35] Stopping component SqliteDB
[36mDEBUG[0m:    [18-10-2024 19:17:35] Stopping component OpenTelemetryClient
[32mINFO[0m:     [18-10-2024 19:17:35] Application shutdown complete.
[32mINFO[0m:     [18-10-2024 19:17:35] Finished server process [[36m14092[0m]
